<?xml version="1.0" encoding="UTF-8"?>
<testng-results ignored="0" total="2" passed="2" failed="0" skipped="0">
  <reporter-output>
  </reporter-output>
  <suite started-at="2023-03-01T19:38:53 PST" name="Suite" finished-at="2023-03-01T19:39:24 PST" duration-ms="31053">
    <groups>
      <group name="cucumber">
        <method signature="AbstractTestNGCucumberTests.runScenario(io.cucumber.testng.PickleWrapper,io.cucumber.testng.FeatureWrapper)[pri:0, instance:com.runners.RunnerForFireBase@61d6015a]" name="runScenario" class="io.cucumber.testng.AbstractTestNGCucumberTests"/>
      </group> <!-- cucumber -->
    </groups>
    <test started-at="2023-03-01T19:38:53 PST" name="Test" finished-at="2023-03-01T19:39:24 PST" duration-ms="31053">
      <class name="com.runners.RunnerForFireBase">
        <test-method is-config="true" signature="setUpClass(org.testng.ITestContext)[pri:0, instance:com.runners.RunnerForFireBase@61d6015a]" started-at="2023-03-01T19:38:53 PST" name="setUpClass" finished-at="2023-03-01T19:38:53 PST" duration-ms="322" status="PASS">
          <params>
            <param index="0">
              <value>
                <![CDATA[org.testng.TestRunner@6cbd0674]]>
              </value>
            </param>
          </params>
          <reporter-output>
          </reporter-output>
        </test-method> <!-- setUpClass -->
        <test-method signature="runScenario(io.cucumber.testng.PickleWrapper,io.cucumber.testng.FeatureWrapper)[pri:0, instance:com.runners.RunnerForFireBase@61d6015a]" started-at="2023-03-01T19:38:53 PST" name="runScenario" description="Runs Cucumber Scenarios" data-provider="scenarios" finished-at="2023-03-01T19:39:12 PST" duration-ms="18857" status="PASS">
          <params>
            <param index="0">
              <value>
                <![CDATA["login with correct credentials"]]>
              </value>
            </param>
            <param index="1">
              <value>
                <![CDATA["login functionality"]]>
              </value>
            </param>
          </params>
          <reporter-output>
          </reporter-output>
        </test-method> <!-- runScenario -->
        <test-method signature="runScenario(io.cucumber.testng.PickleWrapper,io.cucumber.testng.FeatureWrapper)[pri:0, instance:com.runners.RunnerForFireBase@61d6015a]" started-at="2023-03-01T19:39:12 PST" name="runScenario" description="Runs Cucumber Scenarios" data-provider="scenarios" finished-at="2023-03-01T19:39:24 PST" duration-ms="11804" status="PASS">
          <params>
            <param index="0">
              <value>
                <![CDATA["login with incorrect credentials"]]>
              </value>
            </param>
            <param index="1">
              <value>
                <![CDATA["login functionality"]]>
              </value>
            </param>
          </params>
          <reporter-output>
          </reporter-output>
        </test-method> <!-- runScenario -->
        <test-method is-config="true" signature="tearDownClass()[pri:0, instance:com.runners.RunnerForFireBase@61d6015a]" started-at="2023-03-01T19:39:24 PST" name="tearDownClass" finished-at="2023-03-01T19:39:24 PST" duration-ms="19" status="PASS">
          <reporter-output>
          </reporter-output>
        </test-method> <!-- tearDownClass -->
      </class> <!-- com.runners.RunnerForFireBase -->
    </test> <!-- Test -->
  </suite> <!-- Suite -->
</testng-results>
